<?xml version="1.0" encoding="UTF-8"?><testsuite errors="0" failures="0" name="com.req.res.reqresuserinfo.ReqresCRUDTest" skipped="0" tests="4" time="32.8" timestamp="2020-05-19 06:28:11"><testcase classname="com.req.res.reqresuserinfo.ReqresCRUDTest" name="Create an User Successfully and verify name added"/><testcase classname="com.req.res.reqresuserinfo.ReqresCRUDTest" name="Getting User from the record"/><testcase classname="com.req.res.reqresuserinfo.ReqresCRUDTest" name="This test will update details of an user with ID5"/><testcase classname="com.req.res.reqresuserinfo.ReqresCRUDTest" name="This test will delete an User"/></testsuite>